2023-12-20 13:56:06 Loading main app package /usr/lib/obsidian/obsidian.asar
2023-12-20 13:56:06 Checking for update using Github
2023-12-20 13:56:07 Failed to check for update using Github (net::ERR_CONNECTION_RESET)
2023-12-20 13:56:07 Checking for update using obsidian.md
2023-12-20 13:56:08 Success.
2023-12-20 13:56:08 Latest version is 1.4.16
2023-12-20 13:56:08 App is up to date.
2024-01-03 09:20:01 Loading main app package /usr/lib/obsidian/obsidian.asar
2024-01-03 09:20:01 Checking for update using Github
2024-01-03 09:20:02 Success.
2024-01-03 09:20:02 Latest version is 1.5.3
2024-01-03 09:20:02 App is up to date.
2024-01-07 04:24:13 Loading main app package /usr/lib/obsidian/obsidian.asar
2024-01-07 04:24:13 Checking for update using Github
2024-01-07 04:24:14 Success.
2024-01-07 04:24:14 Latest version is 1.5.3
2024-01-07 04:24:14 App is up to date.
2024-01-07 04:24:28 Loading main app package /usr/lib/obsidian/obsidian.asar
2024-01-07 04:24:28 Checking for update using Github
2024-01-07 04:24:28 Success.
2024-01-07 04:24:28 Latest version is 1.5.3
2024-01-07 04:24:28 App is up to date.
2024-01-12 04:12:52 Loading main app package /usr/lib/obsidian/obsidian.asar
2024-01-12 04:12:52 Checking for update using Github
2024-01-12 04:12:52 Success.
2024-01-12 04:12:52 Latest version is 1.5.3
2024-01-12 04:12:52 App is up to date.
2024-01-12 05:12:52 Checking for update using Github
2024-01-12 05:12:52 Success.
2024-01-12 05:12:52 Latest version is 1.5.3
2024-01-12 05:12:52 App is up to date.
2024-01-12 06:12:52 Checking for update using Github
2024-01-12 06:12:52 Success.
2024-01-12 06:12:52 Latest version is 1.5.3
2024-01-12 06:12:52 App is up to date.
2024-01-12 07:12:52 Checking for update using Github
2024-01-12 07:12:52 Success.
2024-01-12 07:12:52 Latest version is 1.5.3
2024-01-12 07:12:52 App is up to date.
2024-01-12 08:12:52 Checking for update using Github
2024-01-12 08:12:52 Success.
2024-01-12 08:12:52 Latest version is 1.5.3
2024-01-12 08:12:52 App is up to date.
2024-01-14 06:49:24 Loading main app package /usr/lib/obsidian/obsidian.asar
2024-01-14 06:49:24 Checking for update using Github
2024-01-14 06:49:25 Success.
2024-01-14 06:49:25 Latest version is 1.5.3
2024-01-14 06:49:25 App is up to date.
2024-01-15 12:58:00 Loading main app package /usr/lib/obsidian/obsidian.asar
2024-01-15 12:58:01 Checking for update using Github
2024-01-15 12:58:01 Success.
2024-01-15 12:58:01 Latest version is 1.5.3
2024-01-15 12:58:01 App is up to date.
2024-01-24 06:13:09 Loading main app package /usr/lib/obsidian/obsidian.asar
2024-01-24 06:13:09 Checking for update using Github
2024-01-24 06:13:11 Success.
2024-01-24 06:13:11 Latest version is 1.5.3
2024-01-24 06:13:11 App is up to date.
2024-01-24 07:13:09 Checking for update using Github
2024-01-24 07:13:20 Success.
2024-01-24 07:13:20 Latest version is 1.5.3
2024-01-24 07:13:20 App is up to date.
2024-01-24 08:13:09 Checking for update using Github
2024-01-24 08:13:09 Failed to check for update using Github (net::ERR_INTERNET_DISCONNECTED)
2024-01-24 08:13:09 Checking for update using obsidian.md
2024-01-24 08:13:09 Failed to check for update using obsidian.md (net::ERR_INTERNET_DISCONNECTED)
2024-02-01 11:22:10 Loading main app package /usr/lib/obsidian/obsidian.asar
2024-02-01 11:22:10 Checking for update using Github
2024-02-01 11:22:11 Success.
2024-02-01 11:22:11 Latest version is 1.5.3
2024-02-01 11:22:11 App is up to date.
2024-02-07 16:26:15 Loading main app package /usr/lib/obsidian/obsidian.asar
2024-02-07 16:26:16 Checking for update using Github
2024-02-07 16:26:16 Success.
2024-02-07 16:26:16 Latest version is 1.5.3
2024-02-07 16:26:16 App is up to date.
2024-02-24 18:50:56 Loading main app package /usr/lib/obsidian/obsidian.asar
2024-02-24 18:50:56 Checking for update using Github
2024-02-24 18:50:59 Failed to check for update using Github (net::ERR_NETWORK_CHANGED)
2024-02-24 18:50:59 Checking for update using obsidian.md
2024-02-24 18:51:00 Failed to check for update using obsidian.md (Unexpected end of JSON input)
2024-02-24 19:50:56 Checking for update using Github
2024-02-24 19:50:58 Success.
2024-02-24 19:50:58 Latest version is 1.5.8
2024-02-24 19:50:58 App is up to date.
2024-03-02 03:05:47 Loading main app package /usr/lib/obsidian/obsidian.asar
2024-03-02 03:05:47 Checking for update using Github
2024-03-02 03:05:53 Success.
2024-03-02 03:05:53 Latest version is 1.5.8
2024-03-02 03:05:53 App is up to date.
2024-03-02 04:05:47 Checking for update using Github
2024-03-02 04:05:47 Success.
2024-03-02 04:05:47 Latest version is 1.5.8
2024-03-02 04:05:47 App is up to date.
2024-03-02 05:05:47 Checking for update using Github
2024-03-02 05:05:48 Success.
2024-03-02 05:05:48 Latest version is 1.5.8
2024-03-02 05:05:48 App is up to date.
2024-03-02 06:05:47 Checking for update using Github
2024-03-02 06:05:47 Success.
2024-03-02 06:05:47 Latest version is 1.5.8
2024-03-02 06:05:47 App is up to date.
2024-03-02 07:05:47 Checking for update using Github
2024-03-02 07:05:48 Success.
2024-03-02 07:05:48 Latest version is 1.5.8
2024-03-02 07:05:48 App is up to date.
2024-03-02 11:50:13 Loading main app package /usr/lib/obsidian/obsidian.asar
2024-03-02 11:50:13 Checking for update using Github
2024-03-02 11:50:14 Success.
2024-03-02 11:50:14 Latest version is 1.5.8
2024-03-02 11:50:14 App is up to date.
2024-03-02 12:50:13 Checking for update using Github
2024-03-02 12:50:13 Success.
2024-03-02 12:50:13 Latest version is 1.5.8
2024-03-02 12:50:13 App is up to date.
2024-03-02 16:11:26 Loading main app package /usr/lib/obsidian/obsidian.asar
2024-03-02 16:11:26 Checking for update using Github
2024-03-02 16:11:27 Success.
2024-03-02 16:11:27 Latest version is 1.5.8
2024-03-02 16:11:27 App is up to date.
2024-03-04 15:50:47 Loading main app package /usr/lib/obsidian/obsidian.asar
2024-03-04 15:50:47 Checking for update using Github
2024-03-04 15:50:47 Success.
2024-03-04 15:50:47 Latest version is 1.5.8
2024-03-04 15:50:47 App is up to date.
2024-03-04 16:50:47 Checking for update using Github
2024-03-04 16:50:47 Success.
2024-03-04 16:50:47 Latest version is 1.5.8
2024-03-04 16:50:47 App is up to date.
2024-03-04 17:50:47 Checking for update using Github
2024-03-04 17:50:47 Success.
2024-03-04 17:50:47 Latest version is 1.5.8
2024-03-04 17:50:47 App is up to date.
2024-03-04 18:50:47 Checking for update using Github
2024-03-04 18:52:26 Failed to check for update using Github (net::ERR_NETWORK_CHANGED)
2024-03-04 18:52:26 Checking for update using obsidian.md
2024-03-04 18:52:27 Failed to check for update using obsidian.md (net::ERR_NETWORK_CHANGED)
2024-03-09 09:18:49 Loading main app package /usr/lib/obsidian/obsidian.asar
2024-03-09 09:18:49 Checking for update using Github
2024-03-09 09:18:49 Success.
2024-03-09 09:18:49 Latest version is 1.5.8
2024-03-09 09:18:49 App is up to date.
2024-03-10 08:36:39 Loading main app package /usr/lib/obsidian/obsidian.asar
2024-03-10 08:36:39 Checking for update using Github
2024-03-10 08:36:40 Success.
2024-03-10 08:36:40 Latest version is 1.5.8
2024-03-10 08:36:40 App is up to date.
2024-03-10 09:36:39 Checking for update using Github
2024-03-10 09:36:41 Success.
2024-03-10 09:36:41 Latest version is 1.5.8
2024-03-10 09:36:41 App is up to date.
2024-03-12 09:55:12 Loading main app package /usr/lib/obsidian/obsidian.asar
2024-03-12 09:55:13 Checking for update using Github
2024-03-12 09:55:13 Success.
2024-03-12 09:55:13 Latest version is 1.5.8
2024-03-12 09:55:13 App is up to date.
2024-03-12 10:55:12 Checking for update using Github
2024-03-12 10:55:12 Success.
2024-03-12 10:55:12 Latest version is 1.5.8
2024-03-12 10:55:12 App is up to date.
2024-03-12 11:55:12 Checking for update using Github
2024-03-12 11:55:12 Success.
2024-03-12 11:55:12 Latest version is 1.5.8
2024-03-12 11:55:12 App is up to date.
2024-03-12 17:20:27 Loading main app package /usr/lib/obsidian/obsidian.asar
2024-03-12 17:20:27 Checking for update using Github
2024-03-12 17:20:27 Success.
2024-03-12 17:20:27 Latest version is 1.5.8
2024-03-12 17:20:27 App is up to date.
2024-03-12 18:20:27 Checking for update using Github
2024-03-12 18:20:27 Success.
2024-03-12 18:20:27 Latest version is 1.5.8
2024-03-12 18:20:27 App is up to date.
2024-03-21 03:55:39 Loading main app package /usr/lib/obsidian/obsidian.asar
2024-03-21 03:55:39 Checking for update using Github
2024-03-21 03:55:39 Success.
2024-03-21 03:55:39 Latest version is 1.5.11
2024-03-21 03:55:39 Downloading update from https://github.com/obsidianmd/obsidian-releases/releases/download/v1.5.11/obsidian-1.5.11.asar.gz
2024-03-21 03:55:50 Verifying hash & signature. Size= 8781777
2024-03-21 03:55:50 Saving file
2024-03-21 03:55:50 Update complete.
2024-03-21 04:55:39 Checking for update using Github
2024-03-21 04:55:39 Success.
2024-03-21 04:55:39 Latest version is 1.5.11
2024-03-21 04:55:39 An update is already downloaded.
2024-03-21 05:55:39 Checking for update using Github
2024-03-21 05:55:39 Success.
2024-03-21 05:55:39 Latest version is 1.5.11
2024-03-21 05:55:39 An update is already downloaded.
2024-03-25 15:57:54 Loading main app package /usr/lib/obsidian/obsidian.asar
2024-03-25 15:57:54 Checking for update using Github
2024-03-25 15:57:54 Success.
2024-03-25 15:57:54 Latest version is 1.5.11
2024-03-25 15:57:54 App is up to date.
